{
"contracts/Lock.sol":{"l":{"14":2,"19":1,"20":1,"27":5,"28":4,"30":3,"32":3},"path":"/Users/hlbn/Documents/CoursAlyra/4. Testing/Hardhat/contracts/Lock.sol","s":{"1":2,"2":5,"3":4,"4":3,"5":3},"b":{"1":[1,1],"2":[4,1],"3":[3,1]},"f":{"1":2,"2":5},"fnMap":{"1":{"name":"constructor","line":13,"loc":{"start":{"line":13,"column":4},"end":{"line":21,"column":4}}},"2":{"name":"withdraw","line":23,"loc":{"start":{"line":23,"column":4},"end":{"line":33,"column":4}}}},"statementMap":{"1":{"start":{"line":14,"column":8},"end":{"line":14,"column":328}},"2":{"start":{"line":27,"column":8},"end":{"line":27,"column":71}},"3":{"start":{"line":28,"column":8},"end":{"line":28,"column":59}},"4":{"start":{"line":30,"column":8},"end":{"line":30,"column":63}},"5":{"start":{"line":32,"column":8},"end":{"line":32,"column":44}}},"branchMap":{"1":{"line":14,"type":"if","locations":[{"start":{"line":14,"column":8},"end":{"line":14,"column":8}},{"start":{"line":14,"column":8},"end":{"line":14,"column":8}}]},"2":{"line":27,"type":"if","locations":[{"start":{"line":27,"column":8},"end":{"line":27,"column":8}},{"start":{"line":27,"column":8},"end":{"line":27,"column":8}}]},"3":{"line":28,"type":"if","locations":[{"start":{"line":28,"column":8},"end":{"line":28,"column":8}},{"start":{"line":28,"column":8},"end":{"line":28,"column":8}}]}}},
"contracts/SimpleStorage.sol":{"l":{"9":2,"13":1},"path":"/Users/hlbn/Documents/CoursAlyra/4. Testing/Hardhat/contracts/SimpleStorage.sol","s":{"1":2},"b":{},"f":{"1":2,"2":1},"fnMap":{"1":{"name":"getNumber","line":8,"loc":{"start":{"line":8,"column":2},"end":{"line":10,"column":2}}},"2":{"name":"setNumber","line":12,"loc":{"start":{"line":12,"column":2},"end":{"line":14,"column":2}}}},"statementMap":{"1":{"start":{"line":9,"column":4},"end":{"line":9,"column":17}}},"branchMap":{}}}
