TN:
SF:/Users/hlbn/Documents/CoursAlyra/4. Testing/Hardhat/contracts/Lock.sol
FN:13,constructor
FN:23,withdraw
FNF:2
FNH:2
FNDA:2,constructor
FNDA:5,withdraw
DA:14,2
DA:19,1
DA:20,1
DA:27,5
DA:28,4
DA:30,3
DA:32,3
LF:7
LH:7
BRDA:14,1,0,1
BRDA:14,1,1,1
BRDA:27,2,0,4
BRDA:27,2,1,1
BRDA:28,3,0,3
BRDA:28,3,1,1
BRF:6
BRH:6
end_of_record
TN:
SF:/Users/hlbn/Documents/CoursAlyra/4. Testing/Hardhat/contracts/SimpleStorage.sol
FN:8,getNumber
FN:12,setNumber
FNF:2
FNH:2
FNDA:2,getNumber
FNDA:1,setNumber
DA:9,2
DA:13,1
LF:2
LH:2
BRF:0
BRH:0
end_of_record
